<?xml version="1.0" encoding="UTF-8"?>
<testsuite xmlns:xsi="http://www.w3.org/2001/XMLSchema-instance" xsi:noNamespaceSchemaLocation="https://maven.apache.org/surefire/maven-surefire-plugin/xsd/surefire-test-report-3.0.xsd" version="3.0" name="TestSuite" time="8.777" tests="5" errors="0" skipped="4" failures="1">
  <properties>
[...]
</properties>
  <testcase name="startDockerScale" classname="remoteTesting.DockerValidation.ChromeTest1" time="4.578">
    <failure message="output.txt (The system cannot find the file specified)" type="java.io.FileNotFoundException"><![CDATA[java.io.FileNotFoundException: output.txt (The system cannot find the file specified)
	at remoteTesting.DockerValidation.ChromeTest1.startDockerScale(ChromeTest1.java:28)
]]></failure>
    <system-out><![CDATA[File deleted successfully
]]></system-out>
  </testcase>
  <testcase name="test1" classname="remoteTesting.DockerValidation.ChromeTest1" time="0">
    <skipped message="output.txt (The system cannot find the file specified)"/>
  </testcase>
  <testcase name="stopDockerDeleteFile" classname="remoteTesting.DockerValidation.ChromeTest1" time="0">
    <skipped/>
  </testcase>
  <testcase name="test2" classname="remoteTesting.DockerValidation.ChromeTest2" time="0">
    <skipped message="output.txt (The system cannot find the file specified)"/>
  </testcase>
  <testcase name="test3" classname="remoteTesting.DockerValidation.ChromeTest3" time="0">
    <skipped message="output.txt (The system cannot find the file specified)"/>
  </testcase>
</testsuite>