-------------------------------------------------------------------------------
Test set: TestSuite
-------------------------------------------------------------------------------
Tests run: 5, Failures: 1, Errors: 0, Skipped: 4, Time elapsed: 8.777 s <<< FAILURE! - in TestSuite
remoteTesting.DockerValidation.ChromeTest1.startDockerScale  Time elapsed: 4.578 s  <<< FAILURE!
java.io.FileNotFoundException: output.txt (The system cannot find the file specified)
	at remoteTesting.DockerValidation.ChromeTest1.startDockerScale(ChromeTest1.java:28)

