<?xml version="1.0" encoding="UTF-8"?>
<testng-results skipped="0" failed="1" ignored="0" total="1" passed="0">
  <reporter-output>
  </reporter-output>
  <suite name="Default suite" duration-ms="297184" started-at="2021-10-19T10:59:53 IST" finished-at="2021-10-19T11:04:50 IST">
    <groups>
    </groups>
    <test name="Default test" duration-ms="297184" started-at="2021-10-19T10:59:53 IST" finished-at="2021-10-19T11:04:50 IST">
      <class name="remoteTesting.DockerValidation.ChromeTest1">
        <test-method status="PASS" signature="startDockerScale()[pri:0, instance:remoteTesting.DockerValidation.ChromeTest1@26aa12dd]" name="startDockerScale" is-config="true" duration-ms="45070" started-at="2021-10-19T10:59:53 IST" finished-at="2021-10-19T11:00:38 IST">
          <reporter-output>
          </reporter-output>
        </test-method> <!-- startDockerScale -->
        <test-method status="FAIL" signature="test1()[pri:0, instance:remoteTesting.DockerValidation.ChromeTest1@26aa12dd]" name="test1" duration-ms="197187" started-at="2021-10-19T11:00:40 IST" finished-at="2021-10-19T11:03:57 IST">
          <exception class="org.openqa.selenium.SessionNotCreatedException">
            <message>
              <![CDATA[Unable to create new remote session. desired capabilities = Capabilities {browserName: chrome, platform: ANY, version: }
Build info: version: '3.141.59', revision: 'e82be7d358', time: '2018-11-14T08:17:03'
System info: host: 'DESKTOP-8F70P3O', ip: '172.18.32.1', os.name: 'Windows 10', os.arch: 'amd64', os.version: '10.0', java.version: '1.8.0_162'
Driver info: driver.version: RemoteWebDriver]]>
            </message>
            <full-stacktrace>
              <![CDATA[org.openqa.selenium.SessionNotCreatedException: Unable to create new remote session. desired capabilities = Capabilities {browserName: chrome, platform: ANY, version: }
Build info: version: '3.141.59', revision: 'e82be7d358', time: '2018-11-14T08:17:03'
System info: host: 'DESKTOP-8F70P3O', ip: '172.18.32.1', os.name: 'Windows 10', os.arch: 'amd64', os.version: '10.0', java.version: '1.8.0_162'
Driver info: driver.version: RemoteWebDriver
at org.openqa.selenium.remote.ProtocolHandshake.createSession(ProtocolHandshake.java:87)
at org.openqa.selenium.remote.HttpCommandExecutor.execute(HttpCommandExecutor.java:136)
at org.openqa.selenium.remote.RemoteWebDriver.execute(RemoteWebDriver.java:552)
at org.openqa.selenium.remote.RemoteWebDriver.startSession(RemoteWebDriver.java:213)
at org.openqa.selenium.remote.RemoteWebDriver.<init>(RemoteWebDriver.java:131)
at org.openqa.selenium.remote.RemoteWebDriver.<init>(RemoteWebDriver.java:144)
at remoteTesting.DockerValidation.ChromeTest1.test1(ChromeTest1.java:39)
at sun.reflect.NativeMethodAccessorImpl.invoke0(Native Method)
at sun.reflect.NativeMethodAccessorImpl.invoke(Unknown Source)
at sun.reflect.DelegatingMethodAccessorImpl.invoke(Unknown Source)
at java.lang.reflect.Method.invoke(Unknown Source)
at org.testng.internal.MethodInvocationHelper.invokeMethod(MethodInvocationHelper.java:132)
at org.testng.internal.TestInvoker.invokeMethod(TestInvoker.java:599)
at org.testng.internal.TestInvoker.invokeTestMethod(TestInvoker.java:174)
at org.testng.internal.MethodRunner.runInSequence(MethodRunner.java:46)
at org.testng.internal.TestInvoker$MethodInvocationAgent.invoke(TestInvoker.java:822)
at org.testng.internal.TestInvoker.invokeTestMethods(TestInvoker.java:147)
at org.testng.internal.TestMethodWorker.invokeTestMethods(TestMethodWorker.java:146)
at org.testng.internal.TestMethodWorker.run(TestMethodWorker.java:128)
at java.util.ArrayList.forEach(Unknown Source)
at org.testng.TestRunner.privateRun(TestRunner.java:764)
at org.testng.TestRunner.run(TestRunner.java:585)
at org.testng.SuiteRunner.runTest(SuiteRunner.java:384)
at org.testng.SuiteRunner.runSequentially(SuiteRunner.java:378)
at org.testng.SuiteRunner.privateRun(SuiteRunner.java:337)
at org.testng.SuiteRunner.run(SuiteRunner.java:286)
at org.testng.SuiteRunnerWorker.runSuite(SuiteRunnerWorker.java:53)
at org.testng.SuiteRunnerWorker.run(SuiteRunnerWorker.java:96)
at org.testng.TestNG.runSuitesSequentially(TestNG.java:1218)
at org.testng.TestNG.runSuitesLocally(TestNG.java:1140)
at org.testng.TestNG.runSuites(TestNG.java:1069)
at org.testng.TestNG.run(TestNG.java:1037)
at org.testng.remote.AbstractRemoteTestNG.run(AbstractRemoteTestNG.java:115)
at org.testng.remote.RemoteTestNG.initAndRun(RemoteTestNG.java:251)
at org.testng.remote.RemoteTestNG.main(RemoteTestNG.java:77)
]]>
            </full-stacktrace>
          </exception> <!-- org.openqa.selenium.SessionNotCreatedException -->
          <reporter-output>
          </reporter-output>
        </test-method> <!-- test1 -->
        <test-method status="PASS" signature="stopDockerDeleteFile()[pri:0, instance:remoteTesting.DockerValidation.ChromeTest1@26aa12dd]" name="stopDockerDeleteFile" is-config="true" duration-ms="52886" started-at="2021-10-19T11:03:58 IST" finished-at="2021-10-19T11:04:50 IST">
          <reporter-output>
          </reporter-output>
        </test-method> <!-- stopDockerDeleteFile -->
      </class> <!-- remoteTesting.DockerValidation.ChromeTest1 -->
    </test> <!-- Default test -->
  </suite> <!-- Default suite -->
</testng-results>
